<?xml version="1.0" encoding="UTF-8"?>
<testng-results ignored="0" total="4" passed="4" failed="0" skipped="0">
  <reporter-output>
  </reporter-output>
  <suite started-at="2025-09-12T14:33:54 IST" name="Default suite" finished-at="2025-09-12T14:34:49 IST" duration-ms="54736">
    <groups>
    </groups>
    <test started-at="2025-09-12T14:33:54 IST" name="Default test" finished-at="2025-09-12T14:34:49 IST" duration-ms="54736">
      <class name="com.fortrea.xmr.tests.LoginTest">
        <test-method is-config="true" signature="setupReport()[pri:0, instance:com.fortrea.xmr.tests.LoginTest@489115ef]" started-at="2025-09-12T14:33:53 IST" name="setupReport" finished-at="2025-09-12T14:33:54 IST" duration-ms="602" status="PASS">
          <reporter-output>
          </reporter-output>
        </test-method> <!-- setupReport -->
        <test-method is-config="true" signature="setUp(java.lang.String,java.lang.String)[pri:0, instance:com.fortrea.xmr.tests.LoginTest@489115ef]" started-at="2025-09-12T14:33:54 IST" name="setUp" finished-at="2025-09-12T14:34:26 IST" duration-ms="32559" status="PASS">
          <params>
            <param index="0">
              <value>
                <![CDATA[chrome]]>
              </value>
            </param>
            <param index="1">
              <value>
                <![CDATA[false]]>
              </value>
            </param>
          </params>
          <reporter-output>
          </reporter-output>
        </test-method> <!-- setUp -->
        <test-method signature="loginWithValidCredentials()[pri:1, instance:com.fortrea.xmr.tests.LoginTest@489115ef]" started-at="2025-09-12T14:34:26 IST" name="loginWithValidCredentials" finished-at="2025-09-12T14:34:33 IST" duration-ms="6939" status="PASS">
          <reporter-output>
          </reporter-output>
        </test-method> <!-- loginWithValidCredentials -->
        <test-method is-config="true" signature="tearDown()[pri:0, instance:com.fortrea.xmr.tests.LoginTest@489115ef]" started-at="2025-09-12T14:34:33 IST" name="tearDown" finished-at="2025-09-12T14:34:34 IST" duration-ms="335" status="PASS">
          <reporter-output>
          </reporter-output>
        </test-method> <!-- tearDown -->
        <test-method is-config="true" signature="setUp(java.lang.String,java.lang.String)[pri:0, instance:com.fortrea.xmr.tests.LoginTest@489115ef]" started-at="2025-09-12T14:34:34 IST" name="setUp" finished-at="2025-09-12T14:34:36 IST" duration-ms="2701" status="PASS">
          <params>
            <param index="0">
              <value>
                <![CDATA[chrome]]>
              </value>
            </param>
            <param index="1">
              <value>
                <![CDATA[false]]>
              </value>
            </param>
          </params>
          <reporter-output>
          </reporter-output>
        </test-method> <!-- setUp -->
        <test-method signature="loginWithInValidCredentials()[pri:2, instance:com.fortrea.xmr.tests.LoginTest@489115ef]" started-at="2025-09-12T14:34:36 IST" name="loginWithInValidCredentials" finished-at="2025-09-12T14:34:42 IST" duration-ms="5510" status="PASS">
          <reporter-output>
          </reporter-output>
        </test-method> <!-- loginWithInValidCredentials -->
        <test-method is-config="true" signature="tearDown()[pri:0, instance:com.fortrea.xmr.tests.LoginTest@489115ef]" started-at="2025-09-12T14:34:42 IST" name="tearDown" finished-at="2025-09-12T14:34:42 IST" duration-ms="310" status="PASS">
          <reporter-output>
          </reporter-output>
        </test-method> <!-- tearDown -->
        <test-method is-config="true" signature="setUp(java.lang.String,java.lang.String)[pri:0, instance:com.fortrea.xmr.tests.LoginTest@489115ef]" started-at="2025-09-12T14:34:42 IST" name="setUp" finished-at="2025-09-12T14:34:44 IST" duration-ms="2206" status="PASS">
          <params>
            <param index="0">
              <value>
                <![CDATA[chrome]]>
              </value>
            </param>
            <param index="1">
              <value>
                <![CDATA[false]]>
              </value>
            </param>
          </params>
          <reporter-output>
          </reporter-output>
        </test-method> <!-- setUp -->
        <test-method signature="TC_Login_004_passwordRequiredValidation()[pri:3, instance:com.fortrea.xmr.tests.LoginTest@489115ef]" started-at="2025-09-12T14:34:44 IST" name="TC_Login_004_passwordRequiredValidation" finished-at="2025-09-12T14:34:45 IST" duration-ms="489" status="PASS">
          <reporter-output>
          </reporter-output>
        </test-method> <!-- TC_Login_004_passwordRequiredValidation -->
        <test-method is-config="true" signature="tearDown()[pri:0, instance:com.fortrea.xmr.tests.LoginTest@489115ef]" started-at="2025-09-12T14:34:45 IST" name="tearDown" finished-at="2025-09-12T14:34:45 IST" duration-ms="391" status="PASS">
          <reporter-output>
          </reporter-output>
        </test-method> <!-- tearDown -->
        <test-method is-config="true" signature="setUp(java.lang.String,java.lang.String)[pri:0, instance:com.fortrea.xmr.tests.LoginTest@489115ef]" started-at="2025-09-12T14:34:45 IST" name="setUp" finished-at="2025-09-12T14:34:48 IST" duration-ms="2559" status="PASS">
          <params>
            <param index="0">
              <value>
                <![CDATA[chrome]]>
              </value>
            </param>
            <param index="1">
              <value>
                <![CDATA[false]]>
              </value>
            </param>
          </params>
          <reporter-output>
          </reporter-output>
        </test-method> <!-- setUp -->
        <test-method signature="TC_Login_003_blankUsernameOrPassword()[pri:4, instance:com.fortrea.xmr.tests.LoginTest@489115ef]" started-at="2025-09-12T14:34:48 IST" name="TC_Login_003_blankUsernameOrPassword" finished-at="2025-09-12T14:34:48 IST" duration-ms="432" status="PASS">
          <reporter-output>
          </reporter-output>
        </test-method> <!-- TC_Login_003_blankUsernameOrPassword -->
        <test-method is-config="true" signature="tearDown()[pri:0, instance:com.fortrea.xmr.tests.LoginTest@489115ef]" started-at="2025-09-12T14:34:48 IST" name="tearDown" finished-at="2025-09-12T14:34:49 IST" duration-ms="254" status="PASS">
          <reporter-output>
          </reporter-output>
        </test-method> <!-- tearDown -->
        <test-method is-config="true" signature="flushReport()[pri:0, instance:com.fortrea.xmr.tests.LoginTest@489115ef]" started-at="2025-09-12T14:34:49 IST" name="flushReport" finished-at="2025-09-12T14:34:49 IST" duration-ms="260" status="PASS">
          <reporter-output>
          </reporter-output>
        </test-method> <!-- flushReport -->
      </class> <!-- com.fortrea.xmr.tests.LoginTest -->
    </test> <!-- Default test -->
  </suite> <!-- Default suite -->
</testng-results>
