<?xml version="1.0" encoding="UTF-8"?>
<!-- Generated by org.testng.reporters.JUnitXMLReporter -->
<testsuite ignored="0" hostname="Ash27" failures="0" tests="4" name="Default test" time="54.736" errors="0" timestamp="2025-09-12T14:34:49 IST">
  <testcase classname="com.fortrea.xmr.tests.LoginTest" name="loginWithValidCredentials" time="6.939"/>
  <testcase classname="com.fortrea.xmr.tests.LoginTest" name="loginWithInValidCredentials" time="5.51"/>
  <testcase classname="com.fortrea.xmr.tests.LoginTest" name="TC_Login_004_passwordRequiredValidation" time="0.489"/>
  <testcase classname="com.fortrea.xmr.tests.LoginTest" name="TC_Login_003_blankUsernameOrPassword" time="0.432"/>
</testsuite> <!-- Default test -->
