<?xml version="1.0" encoding="UTF-8"?>
<!-- Generated by org.testng.reporters.JUnitXMLReporter -->
<testsuite ignored="0" hostname="Ash27" failures="0" tests="5" name="Firefox on Grid" time="0.355" errors="0" timestamp="2025-08-15T20:15:45 IST">
  <testcase classname="com.fortrea.xmr.tests.LoginTest" name="loginWithValidCredentials" time="0.0">
    <skipped/>
  </testcase> <!-- loginWithValidCredentials -->
  <testcase classname="com.fortrea.xmr.tests.LoginTest" name="loginWithInValidCredentials" time="0.0">
    <skipped/>
  </testcase> <!-- loginWithInValidCredentials -->
  <testcase classname="com.fortrea.xmr.tests.LoginTest" name="TC_Login_004_passwordRequiredValidation" time="0.0">
    <skipped/>
  </testcase> <!-- TC_Login_004_passwordRequiredValidation -->
  <testcase classname="com.fortrea.xmr.tests.LoginTest" name="TC_Login_003_blankUsernameOrPassword" time="0.001">
    <skipped/>
  </testcase> <!-- TC_Login_003_blankUsernameOrPassword -->
  <testcase classname="com.fortrea.xmr.tests.LoginTest" name="TC_Login_006_sessionExpiryCheck" time="0.0">
    <skipped/>
  </testcase> <!-- TC_Login_006_sessionExpiryCheck -->
</testsuite> <!-- Firefox on Grid -->
