<?xml version="1.0" encoding="UTF-8"?>
<!-- Generated by org.testng.reporters.JUnitXMLReporter -->
<testsuite ignored="4" hostname="Ash27" failures="7" tests="12" name="Surefire test" time="71.605" errors="0" timestamp="2025-08-06T02:37:05 IST">
  <testcase classname="com.fortrea.xmr.tests.AddNewViewTest" name="testAddNewViewOpens" time="0.055">
    <failure type="java.lang.NullPointerException" message="Cannot invoke &amp;quot;org.openqa.selenium.SearchContext.findElement(org.openqa.selenium.By)&amp;quot; because &amp;quot;this.searchContext&amp;quot; is null">
      <![CDATA[java.lang.NullPointerException: Cannot invoke "org.openqa.selenium.SearchContext.findElement(org.openqa.selenium.By)" because "this.searchContext" is null
at org.openqa.selenium.support.pagefactory.DefaultElementLocator.findElement(DefaultElementLocator.java:68)
at org.openqa.selenium.support.pagefactory.internal.LocatingElementHandler.invoke(LocatingElementHandler.java:38)
at jdk.proxy2/jdk.proxy2.$Proxy13.click(Unknown Source)
at com.fotrea.xmr.pages.AddNewViewPage.openAddNewView(AddNewViewPage.java:30)
at com.fortrea.xmr.tests.AddNewViewTest.testAddNewViewOpens(AddNewViewTest.java:13)
at java.base/java.util.ArrayList.forEach(ArrayList.java:1596)
... Removed 30 stack frames]]>
    </failure>
  </testcase> <!-- testAddNewViewOpens -->
  <testcase classname="com.fortrea.xmr.tests.AddNewViewTest" name="testOpenEachView" time="0.001">
    <failure type="java.lang.NullPointerException" message="Cannot invoke &amp;quot;org.openqa.selenium.SearchContext.findElement(org.openqa.selenium.By)&amp;quot; because &amp;quot;this.searchContext&amp;quot; is null">
      <![CDATA[java.lang.NullPointerException: Cannot invoke "org.openqa.selenium.SearchContext.findElement(org.openqa.selenium.By)" because "this.searchContext" is null
at org.openqa.selenium.support.pagefactory.DefaultElementLocator.findElement(DefaultElementLocator.java:68)
at org.openqa.selenium.support.pagefactory.internal.LocatingElementHandler.invoke(LocatingElementHandler.java:38)
at jdk.proxy2/jdk.proxy2.$Proxy13.click(Unknown Source)
at com.fotrea.xmr.pages.AddNewViewPage.openAddNewView(AddNewViewPage.java:30)
at com.fortrea.xmr.tests.AddNewViewTest.testOpenEachView(AddNewViewTest.java:29)
at java.base/java.util.ArrayList.forEach(ArrayList.java:1596)
... Removed 30 stack frames]]>
    </failure>
  </testcase> <!-- testOpenEachView -->
  <testcase classname="com.fortrea.xmr.tests.DashboardTest" name="testAddNewView" time="0.001">
    <failure type="java.lang.NullPointerException" message="Cannot invoke &amp;quot;com.fotrea.xmr.pages.DashboardPage.clickAddNewView()&amp;quot; because &amp;quot;this.dashboard&amp;quot; is null">
      <![CDATA[java.lang.NullPointerException: Cannot invoke "com.fotrea.xmr.pages.DashboardPage.clickAddNewView()" because "this.dashboard" is null
at com.fortrea.xmr.tests.DashboardTest.testAddNewView(DashboardTest.java:47)
at java.base/java.util.ArrayList.forEach(ArrayList.java:1596)
... Removed 30 stack frames]]>
    </failure>
  </testcase> <!-- testAddNewView -->
  <testcase classname="com.fortrea.xmr.tests.DashboardTest" name="testDashboardLoad" time="1.551"/>
  <testcase classname="com.fortrea.xmr.tests.DashboardTest" name="testOpenGemcitabineReport" time="0.002">
    <failure type="java.lang.NullPointerException" message="Cannot invoke &amp;quot;com.fotrea.xmr.pages.DashboardPage.clickGemcitabineTile()&amp;quot; because &amp;quot;this.dashboard&amp;quot; is null">
      <![CDATA[java.lang.NullPointerException: Cannot invoke "com.fotrea.xmr.pages.DashboardPage.clickGemcitabineTile()" because "this.dashboard" is null
at com.fortrea.xmr.tests.DashboardTest.testOpenGemcitabineReport(DashboardTest.java:41)
at java.base/java.util.ArrayList.forEach(ArrayList.java:1596)
... Removed 30 stack frames]]>
    </failure>
  </testcase> <!-- testOpenGemcitabineReport -->
  <testcase classname="com.fortrea.xmr.tests.DashboardTest" name="testSearchFilter" time="0.001">
    <failure type="java.lang.NullPointerException" message="Cannot invoke &amp;quot;com.fotrea.xmr.pages.DashboardPage.searchFilter(String)&amp;quot; because &amp;quot;this.dashboard&amp;quot; is null">
      <![CDATA[java.lang.NullPointerException: Cannot invoke "com.fotrea.xmr.pages.DashboardPage.searchFilter(String)" because "this.dashboard" is null
at com.fortrea.xmr.tests.DashboardTest.testSearchFilter(DashboardTest.java:35)
at java.base/java.util.ArrayList.forEach(ArrayList.java:1596)
... Removed 30 stack frames]]>
    </failure>
  </testcase> <!-- testSearchFilter -->
  <testcase classname="com.fortrea.xmr.tests.DashboardTest" name="testSubjectTilePresent" time="0.001">
    <failure type="java.lang.NullPointerException" message="Cannot invoke &amp;quot;com.fotrea.xmr.pages.DashboardPage.isSubjectProfileTilePresent()&amp;quot; because &amp;quot;this.dashboard&amp;quot; is null">
      <![CDATA[java.lang.NullPointerException: Cannot invoke "com.fotrea.xmr.pages.DashboardPage.isSubjectProfileTilePresent()" because "this.dashboard" is null
at com.fortrea.xmr.tests.DashboardTest.testSubjectTilePresent(DashboardTest.java:30)
at java.base/java.util.ArrayList.forEach(ArrayList.java:1596)
... Removed 30 stack frames]]>
    </failure>
  </testcase> <!-- testSubjectTilePresent -->
  <testcase classname="com.fortrea.xmr.tests.LoginTest" name="loginWithValidCredentials" time="5.639"/>
  <testcase classname="com.fortrea.xmr.tests.LoginTest" name="loginWithInValidCredentials" time="5.621"/>
  <testcase classname="com.fortrea.xmr.tests.LoginTest" name="TC_Login_004_passwordRequiredValidation" time="0.617"/>
  <testcase classname="com.fortrea.xmr.tests.LoginTest" name="TC_Login_003_blankUsernameOrPassword" time="0.426"/>
  <testcase classname="com.fortrea.xmr.tests.LoginTest" name="TC_Login_006_sessionExpiryCheck" time="0.666">
    <failure type="java.lang.NullPointerException" message="Cannot invoke &amp;quot;org.openqa.selenium.WebDriver.navigate()&amp;quot; because &amp;quot;com.fortrea.xmr.tests.LoginTest.driver&amp;quot; is null">
      <![CDATA[java.lang.NullPointerException: Cannot invoke "org.openqa.selenium.WebDriver.navigate()" because "com.fortrea.xmr.tests.LoginTest.driver" is null
at com.fortrea.xmr.tests.LoginTest.TC_Login_006_sessionExpiryCheck(LoginTest.java:67)
at java.base/java.util.ArrayList.forEach(ArrayList.java:1596)
... Removed 30 stack frames]]>
    </failure>
  </testcase> <!-- TC_Login_006_sessionExpiryCheck -->
  <testcase classname="com.fotrea.xmr.base.BaseTest" name="@AfterSuite flushReport" time="0.0">
    <ignored/>
  </testcase> <!-- @AfterSuite flushReport -->
  <testcase classname="com.fotrea.xmr.base.BaseTest" name="@AfterSuite flushReport" time="0.0">
    <ignored/>
  </testcase> <!-- @AfterSuite flushReport -->
  <testcase classname="com.fotrea.xmr.base.BaseTest" name="@BeforeSuite setupReport" time="0.0">
    <ignored/>
  </testcase> <!-- @BeforeSuite setupReport -->
  <testcase classname="com.fotrea.xmr.base.BaseTest" name="@BeforeSuite setupReport" time="0.0">
    <ignored/>
  </testcase> <!-- @BeforeSuite setupReport -->
</testsuite> <!-- Surefire test -->
